<?xml version="1.0" encoding="UTF-8"?>
<testsuite name="TestExtensionsOnCollections" tests="1" skipped="0" failures="0" errors="0" timestamp="2018-04-22T09:28:49" hostname="VPSLAPTOP" time="0.027">
  <properties/>
  <testcase name="testSort" classname="TestExtensionsOnCollections" time="0.027"/>
  <system-out><![CDATA[]]></system-out>
  <system-err><![CDATA[]]></system-err>
</testsuite>
