<?xml version="1.0" encoding="UTF-8"?>
<testsuite name="TestSum" tests="1" skipped="0" failures="0" errors="0" timestamp="2018-04-22T09:35:44" hostname="VPSLAPTOP" time="0.034">
  <properties/>
  <testcase name="testGetTotalOrderPrice" classname="TestSum" time="0.034"/>
  <system-out><![CDATA[]]></system-out>
  <system-err><![CDATA[]]></system-err>
</testsuite>
