<?xml version="1.0" encoding="UTF-8"?>
<testsuite name="TestObjectExpressions" tests="1" skipped="0" failures="0" errors="0" timestamp="2018-04-22T09:27:12" hostname="VPSLAPTOP" time="0.025">
  <properties/>
  <testcase name="testSort" classname="TestObjectExpressions" time="0.025"/>
  <system-out><![CDATA[]]></system-out>
  <system-err><![CDATA[]]></system-err>
</testsuite>
