<?xml version="1.0" encoding="UTF-8"?>
<testsuite name="TestAllAnyAndOtherPredicates" tests="4" skipped="0" failures="0" errors="0" timestamp="2018-04-22T09:32:56" hostname="VPSLAPTOP" time="0.037">
  <properties/>
  <testcase name="testAnyCustomerFromCity" classname="TestAllAnyAndOtherPredicates" time="0.035"/>
  <testcase name="testAnyCustomerIsFromCity" classname="TestAllAnyAndOtherPredicates" time="0.0"/>
  <testcase name="testCountCustomersFromCity" classname="TestAllAnyAndOtherPredicates" time="0.0"/>
  <testcase name="testAllCustomersAreFromCity" classname="TestAllAnyAndOtherPredicates" time="0.0"/>
  <system-out><![CDATA[]]></system-out>
  <system-err><![CDATA[]]></system-err>
</testsuite>
