<?xml version="1.0" encoding="UTF-8"?>
<testsuite name="TetLazyProperty" tests="2" skipped="0" failures="0" errors="0" timestamp="2018-04-22T09:38:44" hostname="VPSLAPTOP" time="0.006">
  <properties/>
  <testcase name="testLazy" classname="TetLazyProperty" time="0.005"/>
  <testcase name="initializedOnce" classname="TetLazyProperty" time="0.001"/>
  <system-out><![CDATA[]]></system-out>
  <system-err><![CDATA[]]></system-err>
</testsuite>
