<?xml version="1.0" encoding="UTF-8"?>
<testsuite name="TestFlatMap" tests="2" skipped="0" failures="0" errors="0" timestamp="2018-04-22T09:33:31" hostname="VPSLAPTOP" time="0.034">
  <properties/>
  <testcase name="testGetOrderedProductsSet" classname="TestFlatMap" time="0.032"/>
  <testcase name="testGetAllOrderedProducts" classname="TestFlatMap" time="0.002"/>
  <system-out><![CDATA[]]></system-out>
  <system-err><![CDATA[]]></system-err>
</testsuite>
