<?xml version="1.0" encoding="UTF-8"?>
<testsuite name="TestNamedArguments" tests="1" skipped="0" failures="0" errors="0" timestamp="2018-04-22T09:22:46" hostname="VPSLAPTOP" time="0.039">
  <properties/>
  <testcase name="testJoinToString" classname="TestNamedArguments" time="0.039"/>
  <system-out><![CDATA[]]></system-out>
  <system-err><![CDATA[]]></system-err>
</testsuite>
