<?xml version="1.0" encoding="UTF-8"?>
<testsuite name="TestIntroduction" tests="1" skipped="0" failures="0" errors="0" timestamp="2018-04-22T09:32:17" hostname="VPSLAPTOP" time="0.032">
  <properties/>
  <testcase name="testSetOfCustomers" classname="TestIntroduction" time="0.032"/>
  <system-out><![CDATA[]]></system-out>
  <system-err><![CDATA[]]></system-err>
</testsuite>
