<?xml version="1.0" encoding="UTF-8"?>
<testsuite name="TestForLoop" tests="2" skipped="0" failures="0" errors="0" timestamp="2018-04-22T09:30:57" hostname="VPSLAPTOP" time="0.023">
  <properties/>
  <testcase name="testIterateOverDateRange" classname="TestForLoop" time="0.022"/>
  <testcase name="testIterateOverEmptyRange" classname="TestForLoop" time="0.001"/>
  <system-out><![CDATA[]]></system-out>
  <system-err><![CDATA[]]></system-err>
</testsuite>
