<?xml version="1.0" encoding="UTF-8"?>
<testsuite name="TestDelegatesExamples" tests="2" skipped="0" failures="0" errors="0" timestamp="2018-04-22T09:38:35" hostname="VPSLAPTOP" time="0.014">
  <properties/>
  <testcase name="testLazy" classname="TestDelegatesExamples" time="0.012"/>
  <testcase name="initializedOnce" classname="TestDelegatesExamples" time="0.001"/>
  <system-out><![CDATA[]]></system-out>
  <system-err><![CDATA[]]></system-err>
</testsuite>
