<?xml version="1.0" encoding="UTF-8"?>
<testsuite name="TestProperties" tests="1" skipped="0" failures="0" errors="0" timestamp="2018-04-22T09:38:28" hostname="VPSLAPTOP" time="0.002">
  <properties/>
  <testcase name="testPropertyWithCounter" classname="TestProperties" time="0.002"/>
  <system-out><![CDATA[]]></system-out>
  <system-err><![CDATA[]]></system-err>
</testsuite>
