<?xml version="1.0" encoding="UTF-8"?>
<testsuite name="TestGroupBy" tests="1" skipped="0" failures="0" errors="0" timestamp="2018-04-22T09:36:21" hostname="VPSLAPTOP" time="0.034">
  <properties/>
  <testcase name="testGroupCustomersByCity" classname="TestGroupBy" time="0.034"/>
  <system-out><![CDATA[]]></system-out>
  <system-err><![CDATA[]]></system-err>
</testsuite>
