<?xml version="1.0" encoding="UTF-8"?>
<testsuite name="TestSamConversions" tests="1" skipped="0" failures="0" errors="0" timestamp="2018-04-22T09:28:38" hostname="VPSLAPTOP" time="0.026">
  <properties/>
  <testcase name="testSort" classname="TestSamConversions" time="0.026"/>
  <system-out><![CDATA[]]></system-out>
  <system-err><![CDATA[]]></system-err>
</testsuite>
